[debug] [2022-04-25T07:37:45.198Z] ----------------------------------------------------------------------
[debug] [2022-04-25T07:37:45.200Z] Command:       C:\Program Files\nodejs\node.exe C:\Users\Development\AppData\Roaming\npm\node_modules\firebase-tools\lib\bin\firebase.js init
[debug] [2022-04-25T07:37:45.200Z] CLI Version:   10.7.1
[debug] [2022-04-25T07:37:45.200Z] Platform:      win32
[debug] [2022-04-25T07:37:45.200Z] Node Version:  v16.14.2
[debug] [2022-04-25T07:37:45.201Z] Time:          Mon Apr 25 2022 13:07:45 GMT+0530 (India Standard Time)
[debug] [2022-04-25T07:37:45.201Z] ----------------------------------------------------------------------
[debug] 
[debug] [2022-04-25T07:37:45.210Z] > command requires scopes: ["email","openid","https://www.googleapis.com/auth/cloudplatformprojects.readonly","https://www.googleapis.com/auth/firebase","https://www.googleapis.com/auth/cloud-platform"]
[debug] [2022-04-25T07:37:45.210Z] > authorizing via signed-in user (chitranjan@leewayhertz.com)
[info] 
     ######## #### ########  ######## ########     ###     ######  ########
     ##        ##  ##     ## ##       ##     ##  ##   ##  ##       ##
     ######    ##  ########  ######   ########  #########  ######  ######
     ##        ##  ##    ##  ##       ##     ## ##     ##       ## ##
     ##       #### ##     ## ######## ########  ##     ##  ######  ########

You're about to initialize a Firebase project in this directory:

  C:\Users\Development\Downloads\log\login-and-register-mern-master

[info] 
=== Project Setup
[info] 
[info] First, let's associate this project directory with a Firebase project.
[info] You can create multiple project aliases by running firebase use --add, 
[info] but for now we'll just set up a default project.
[info] 
[debug] [2022-04-25T07:38:00.241Z] > refreshing access token with scopes: []
[debug] [2022-04-25T07:38:00.241Z] >>> HTTP REQUEST POST https://www.googleapis.com/oauth2/v3/token  
 <request body omitted>
[debug] [2022-04-25T07:38:00.518Z] <<< HTTP RESPONSE 200 {"pragma":"no-cache","date":"Mon, 25 Apr 2022 07:37:59 GMT","expires":"Mon, 01 Jan 1990 00:00:00 GMT","cache-control":"no-cache, no-store, max-age=0, must-revalidate","content-type":"application/json; charset=utf-8","vary":"X-Origin, Referer, Origin,Accept-Encoding","server":"scaffolding on HTTPServer2","x-xss-protection":"0","x-frame-options":"SAMEORIGIN","x-content-type-options":"nosniff","alt-svc":"h3=\":443\"; ma=2592000,h3-29=\":443\"; ma=2592000,h3-Q050=\":443\"; ma=2592000,h3-Q046=\":443\"; ma=2592000,h3-Q043=\":443\"; ma=2592000,quic=\":443\"; ma=2592000; v=\"46,43\"","accept-ranges":"none","transfer-encoding":"chunked"}
[debug] [2022-04-25T07:38:00.532Z] >>> [apiv2][query] GET https://firebase.googleapis.com/v1beta1/projects pageSize=100
[debug] [2022-04-25T07:38:01.264Z] <<< [apiv2][status] GET https://firebase.googleapis.com/v1beta1/projects 200
[debug] [2022-04-25T07:38:01.264Z] <<< [apiv2][body] GET https://firebase.googleapis.com/v1beta1/projects [omitted]
